TN:
SF:server.js
FN:75,(anonymous_0)
FN:80,(anonymous_1)
FN:88,(anonymous_2)
FN:102,(anonymous_3)
FN:117,(anonymous_4)
FN:129,(anonymous_5)
FN:142,(anonymous_6)
FN:167,(anonymous_7)
FN:172,(anonymous_8)
FN:180,(anonymous_9)
FN:197,(anonymous_10)
FN:199,(anonymous_11)
FN:204,(anonymous_12)
FN:224,(anonymous_13)
FN:240,(anonymous_14)
FN:242,(anonymous_15)
FN:247,(anonymous_16)
FN:254,(anonymous_17)
FN:264,(anonymous_18)
FN:271,(anonymous_19)
FN:298,(anonymous_20)
FN:299,(anonymous_21)
FN:300,(anonymous_22)
FN:305,(anonymous_23)
FN:308,(anonymous_24)
FN:314,(anonymous_25)
FN:321,(anonymous_26)
FN:326,(anonymous_27)
FN:334,(anonymous_28)
FN:354,(anonymous_29)
FN:357,(anonymous_30)
FN:364,(anonymous_31)
FN:373,(anonymous_32)
FN:377,(anonymous_33)
FN:385,(anonymous_34)
FN:386,(anonymous_35)
FN:403,(anonymous_36)
FN:406,(anonymous_37)
FN:414,(anonymous_38)
FN:415,(anonymous_39)
FN:423,(anonymous_40)
FN:425,(anonymous_41)
FN:431,(anonymous_42)
FN:435,(anonymous_43)
FN:439,(anonymous_44)
FN:447,(anonymous_45)
FN:452,(anonymous_46)
FN:475,(anonymous_47)
FN:477,(anonymous_48)
FN:484,(anonymous_49)
FN:485,(anonymous_50)
FN:489,(anonymous_51)
FN:493,(anonymous_52)
FN:505,(anonymous_53)
FN:511,(anonymous_54)
FN:512,(anonymous_55)
FN:540,(anonymous_56)
FN:542,(anonymous_57)
FN:549,(anonymous_58)
FN:554,(anonymous_59)
FN:555,(anonymous_60)
FN:562,(anonymous_61)
FN:566,(anonymous_62)
FN:572,(anonymous_63)
FN:578,(anonymous_64)
FN:579,(anonymous_65)
FN:586,(anonymous_66)
FN:613,(anonymous_67)
FN:616,(anonymous_68)
FN:622,(anonymous_69)
FN:627,(anonymous_70)
FN:628,(anonymous_71)
FN:636,(anonymous_72)
FN:644,(anonymous_73)
FN:649,(anonymous_74)
FN:650,(anonymous_75)
FN:652,(anonymous_76)
FN:671,(anonymous_77)
FN:679,(anonymous_78)
FN:684,(anonymous_79)
FN:685,(anonymous_80)
FN:687,(anonymous_81)
FN:708,(anonymous_82)
FN:714,(anonymous_83)
FN:720,(anonymous_84)
FN:744,(anonymous_85)
FN:749,(anonymous_86)
FN:766,(anonymous_87)
FN:766,(anonymous_88)
FN:772,(anonymous_89)
FN:773,(anonymous_90)
FN:775,(anonymous_91)
FN:780,(anonymous_92)
FN:789,(anonymous_93)
FN:792,(anonymous_94)
FN:807,(anonymous_95)
FN:822,(anonymous_96)
FN:839,(anonymous_97)
FN:844,(anonymous_98)
FN:854,(anonymous_99)
FNF:100
FNH:0
FNDA:0,(anonymous_0)
FNDA:0,(anonymous_1)
FNDA:0,(anonymous_2)
FNDA:0,(anonymous_3)
FNDA:0,(anonymous_4)
FNDA:0,(anonymous_5)
FNDA:0,(anonymous_6)
FNDA:0,(anonymous_7)
FNDA:0,(anonymous_8)
FNDA:0,(anonymous_9)
FNDA:0,(anonymous_10)
FNDA:0,(anonymous_11)
FNDA:0,(anonymous_12)
FNDA:0,(anonymous_13)
FNDA:0,(anonymous_14)
FNDA:0,(anonymous_15)
FNDA:0,(anonymous_16)
FNDA:0,(anonymous_17)
FNDA:0,(anonymous_18)
FNDA:0,(anonymous_19)
FNDA:0,(anonymous_20)
FNDA:0,(anonymous_21)
FNDA:0,(anonymous_22)
FNDA:0,(anonymous_23)
FNDA:0,(anonymous_24)
FNDA:0,(anonymous_25)
FNDA:0,(anonymous_26)
FNDA:0,(anonymous_27)
FNDA:0,(anonymous_28)
FNDA:0,(anonymous_29)
FNDA:0,(anonymous_30)
FNDA:0,(anonymous_31)
FNDA:0,(anonymous_32)
FNDA:0,(anonymous_33)
FNDA:0,(anonymous_34)
FNDA:0,(anonymous_35)
FNDA:0,(anonymous_36)
FNDA:0,(anonymous_37)
FNDA:0,(anonymous_38)
FNDA:0,(anonymous_39)
FNDA:0,(anonymous_40)
FNDA:0,(anonymous_41)
FNDA:0,(anonymous_42)
FNDA:0,(anonymous_43)
FNDA:0,(anonymous_44)
FNDA:0,(anonymous_45)
FNDA:0,(anonymous_46)
FNDA:0,(anonymous_47)
FNDA:0,(anonymous_48)
FNDA:0,(anonymous_49)
FNDA:0,(anonymous_50)
FNDA:0,(anonymous_51)
FNDA:0,(anonymous_52)
FNDA:0,(anonymous_53)
FNDA:0,(anonymous_54)
FNDA:0,(anonymous_55)
FNDA:0,(anonymous_56)
FNDA:0,(anonymous_57)
FNDA:0,(anonymous_58)
FNDA:0,(anonymous_59)
FNDA:0,(anonymous_60)
FNDA:0,(anonymous_61)
FNDA:0,(anonymous_62)
FNDA:0,(anonymous_63)
FNDA:0,(anonymous_64)
FNDA:0,(anonymous_65)
FNDA:0,(anonymous_66)
FNDA:0,(anonymous_67)
FNDA:0,(anonymous_68)
FNDA:0,(anonymous_69)
FNDA:0,(anonymous_70)
FNDA:0,(anonymous_71)
FNDA:0,(anonymous_72)
FNDA:0,(anonymous_73)
FNDA:0,(anonymous_74)
FNDA:0,(anonymous_75)
FNDA:0,(anonymous_76)
FNDA:0,(anonymous_77)
FNDA:0,(anonymous_78)
FNDA:0,(anonymous_79)
FNDA:0,(anonymous_80)
FNDA:0,(anonymous_81)
FNDA:0,(anonymous_82)
FNDA:0,(anonymous_83)
FNDA:0,(anonymous_84)
FNDA:0,(anonymous_85)
FNDA:0,(anonymous_86)
FNDA:0,(anonymous_87)
FNDA:0,(anonymous_88)
FNDA:0,(anonymous_89)
FNDA:0,(anonymous_90)
FNDA:0,(anonymous_91)
FNDA:0,(anonymous_92)
FNDA:0,(anonymous_93)
FNDA:0,(anonymous_94)
FNDA:0,(anonymous_95)
FNDA:0,(anonymous_96)
FNDA:0,(anonymous_97)
FNDA:0,(anonymous_98)
FNDA:0,(anonymous_99)
DA:1,0
DA:2,0
DA:3,0
DA:4,0
DA:5,0
DA:6,0
DA:7,0
DA:9,0
DA:10,0
DA:13,0
DA:14,0
DA:15,0
DA:22,0
DA:23,0
DA:25,0
DA:26,0
DA:28,0
DA:29,0
DA:32,0
DA:33,0
DA:37,0
DA:42,0
DA:43,0
DA:48,0
DA:49,0
DA:51,0
DA:53,0
DA:54,0
DA:58,0
DA:66,0
DA:75,0
DA:76,0
DA:77,0
DA:80,0
DA:81,0
DA:82,0
DA:86,0
DA:89,0
DA:100,0
DA:103,0
DA:114,0
DA:117,0
DA:118,0
DA:119,0
DA:121,0
DA:126,0
DA:129,0
DA:130,0
DA:131,0
DA:133,0
DA:134,0
DA:138,0
DA:139,0
DA:142,0
DA:143,0
DA:144,0
DA:146,0
DA:147,0
DA:148,0
DA:153,0
DA:154,0
DA:155,0
DA:156,0
DA:157,0
DA:160,0
DA:161,0
DA:162,0
DA:163,0
DA:164,0
DA:167,0
DA:172,0
DA:173,0
DA:175,0
DA:176,0
DA:180,0
DA:181,0
DA:184,0
DA:190,0
DA:193,0
DA:194,0
DA:197,0
DA:199,0
DA:200,0
DA:204,0
DA:205,0
DA:206,0
DA:209,0
DA:210,0
DA:214,0
DA:215,0
DA:219,0
DA:220,0
DA:224,0
DA:225,0
DA:226,0
DA:230,0
DA:231,0
DA:235,0
DA:237,0
DA:240,0
DA:242,0
DA:243,0
DA:247,0
DA:248,0
DA:250,0
DA:251,0
DA:254,0
DA:255,0
DA:256,0
DA:259,0
DA:260,0
DA:264,0
DA:266,0
DA:267,0
DA:271,0
DA:272,0
DA:274,0
DA:275,0
DA:278,0
DA:289,0
DA:292,0
DA:293,0
DA:295,0
DA:298,0
DA:299,0
DA:300,0
DA:302,0
DA:305,0
DA:306,0
DA:308,0
DA:310,0
DA:311,0
DA:314,0
DA:315,0
DA:318,0
DA:321,0
DA:322,0
DA:323,0
DA:326,0
DA:327,0
DA:328,0
DA:331,0
DA:334,0
DA:335,0
DA:338,0
DA:342,0
DA:343,0
DA:344,0
DA:345,0
DA:346,0
DA:349,0
DA:351,0
DA:354,0
DA:355,0
DA:357,0
DA:359,0
DA:360,0
DA:363,0
DA:364,0
DA:365,0
DA:368,0
DA:369,0
DA:373,0
DA:374,0
DA:375,0
DA:377,0
DA:378,0
DA:379,0
DA:382,0
DA:385,0
DA:386,0
DA:387,0
DA:391,0
DA:392,0
DA:394,0
DA:395,0
DA:398,0
DA:400,0
DA:403,0
DA:404,0
DA:406,0
DA:407,0
DA:408,0
DA:411,0
DA:414,0
DA:415,0
DA:416,0
DA:419,0
DA:420,0
DA:423,0
DA:424,0
DA:425,0
DA:427,0
DA:428,0
DA:431,0
DA:432,0
DA:435,0
DA:436,0
DA:439,0
DA:440,0
DA:441,0
DA:443,0
DA:444,0
DA:447,0
DA:448,0
DA:449,0
DA:452,0
DA:453,0
DA:456,0
DA:465,0
DA:468,0
DA:469,0
DA:471,0
DA:475,0
DA:476,0
DA:477,0
DA:479,0
DA:480,0
DA:484,0
DA:485,0
DA:486,0
DA:489,0
DA:490,0
DA:493,0
DA:494,0
DA:495,0
DA:498,0
DA:499,0
DA:501,0
DA:502,0
DA:505,0
DA:506,0
DA:507,0
DA:511,0
DA:512,0
DA:513,0
DA:516,0
DA:531,0
DA:534,0
DA:535,0
DA:537,0
DA:540,0
DA:541,0
DA:542,0
DA:544,0
DA:545,0
DA:549,0
DA:550,0
DA:551,0
DA:554,0
DA:555,0
DA:556,0
DA:559,0
DA:562,0
DA:563,0
DA:564,0
DA:566,0
DA:567,0
DA:568,0
DA:571,0
DA:572,0
DA:573,0
DA:574,0
DA:578,0
DA:579,0
DA:580,0
DA:584,0
DA:585,0
DA:586,0
DA:587,0
DA:588,0
DA:592,0
DA:593,0
DA:596,0
DA:600,0
DA:601,0
DA:602,0
DA:603,0
DA:604,0
DA:605,0
DA:608,0
DA:610,0
DA:613,0
DA:614,0
DA:616,0
DA:617,0
DA:618,0
DA:621,0
DA:622,0
DA:623,0
DA:624,0
DA:627,0
DA:628,0
DA:629,0
DA:632,0
DA:633,0
DA:636,0
DA:637,0
DA:638,0
DA:640,0
DA:641,0
DA:644,0
DA:645,0
DA:646,0
DA:649,0
DA:650,0
DA:652,0
DA:653,0
DA:656,0
DA:662,0
DA:665,0
DA:666,0
DA:668,0
DA:671,0
DA:672,0
DA:673,0
DA:675,0
DA:676,0
DA:679,0
DA:680,0
DA:681,0
DA:684,0
DA:685,0
DA:687,0
DA:688,0
DA:691,0
DA:698,0
DA:701,0
DA:702,0
DA:704,0
DA:708,0
DA:709,0
DA:711,0
DA:713,0
DA:714,0
DA:717,0
DA:720,0
DA:721,0
DA:724,0
DA:725,0
DA:728,0
DA:735,0
DA:738,0
DA:739,0
DA:741,0
DA:744,0
DA:745,0
DA:746,0
DA:749,0
DA:750,0
DA:752,0
DA:753,0
DA:757,0
DA:758,0
DA:759,0
DA:762,0
DA:766,0
DA:767,0
DA:768,0
DA:772,0
DA:773,0
DA:775,0
DA:776,0
DA:780,0
DA:781,0
DA:782,0
DA:783,0
DA:786,0
DA:789,0
DA:790,0
DA:792,0
DA:793,0
DA:794,0
DA:798,0
DA:799,0
DA:802,0
DA:803,0
DA:807,0
DA:808,0
DA:809,0
DA:812,0
DA:813,0
DA:817,0
DA:818,0
DA:822,0
DA:823,0
DA:824,0
DA:828,0
DA:829,0
DA:833,0
DA:835,0
DA:839,0
DA:840,0
DA:844,0
DA:845,0
DA:846,0
DA:853,0
DA:854,0
DA:855,0
DA:859,0
LF:400
LH:0
BRDA:13,0,0,0
BRDA:13,0,1,0
BRDA:32,1,0,0
BRDA:32,1,1,0
BRDA:118,2,0,0
BRDA:118,2,1,0
BRDA:118,3,0,0
BRDA:118,3,1,0
BRDA:131,4,0,0
BRDA:131,4,1,0
BRDA:133,5,0,0
BRDA:133,5,1,0
BRDA:138,6,0,0
BRDA:138,6,1,0
BRDA:143,7,0,0
BRDA:143,7,1,0
BRDA:175,8,0,0
BRDA:175,8,1,0
BRDA:175,9,0,0
BRDA:175,9,1,0
BRDA:180,10,0,0
BRDA:180,10,1,0
BRDA:209,11,0,0
BRDA:209,11,1,0
BRDA:209,12,0,0
BRDA:209,12,1,0
BRDA:214,13,0,0
BRDA:214,13,1,0
BRDA:219,14,0,0
BRDA:219,14,1,0
BRDA:225,15,0,0
BRDA:225,15,1,0
BRDA:230,16,0,0
BRDA:230,16,1,0
BRDA:250,17,0,0
BRDA:250,17,1,0
BRDA:250,18,0,0
BRDA:250,18,1,0
BRDA:254,19,0,0
BRDA:254,19,1,0
BRDA:255,20,0,0
BRDA:255,20,1,0
BRDA:274,21,0,0
BRDA:274,21,1,0
BRDA:310,22,0,0
BRDA:310,22,1,0
BRDA:314,23,0,0
BRDA:314,23,1,0
BRDA:327,24,0,0
BRDA:327,24,1,0
BRDA:334,25,0,0
BRDA:334,25,1,0
BRDA:335,26,0,0
BRDA:335,26,1,0
BRDA:342,27,0,0
BRDA:342,27,1,0
BRDA:342,28,0,0
BRDA:342,28,1,0
BRDA:343,29,0,0
BRDA:343,29,1,0
BRDA:343,30,0,0
BRDA:343,30,1,0
BRDA:344,31,0,0
BRDA:344,31,1,0
BRDA:345,32,0,0
BRDA:345,32,1,0
BRDA:346,33,0,0
BRDA:346,33,1,0
BRDA:359,34,0,0
BRDA:359,34,1,0
BRDA:364,35,0,0
BRDA:364,35,1,0
BRDA:364,36,0,0
BRDA:364,36,1,0
BRDA:378,37,0,0
BRDA:378,37,1,0
BRDA:386,38,0,0
BRDA:386,38,1,0
BRDA:386,39,0,0
BRDA:386,39,1,0
BRDA:391,40,0,0
BRDA:391,40,1,0
BRDA:394,41,0,0
BRDA:394,41,1,0
BRDA:394,42,0,0
BRDA:394,42,1,0
BRDA:394,42,2,0
BRDA:407,43,0,0
BRDA:407,43,1,0
BRDA:415,44,0,0
BRDA:415,44,1,0
BRDA:415,45,0,0
BRDA:415,45,1,0
BRDA:427,46,0,0
BRDA:427,46,1,0
BRDA:431,47,0,0
BRDA:431,47,1,0
BRDA:443,48,0,0
BRDA:443,48,1,0
BRDA:448,49,0,0
BRDA:448,49,1,0
BRDA:452,50,0,0
BRDA:452,50,1,0
BRDA:479,51,0,0
BRDA:479,51,1,0
BRDA:485,52,0,0
BRDA:485,52,1,0
BRDA:485,53,0,0
BRDA:485,53,1,0
BRDA:498,54,0,0
BRDA:498,54,1,0
BRDA:501,55,0,0
BRDA:501,55,1,0
BRDA:506,56,0,0
BRDA:506,56,1,0
BRDA:512,57,0,0
BRDA:512,57,1,0
BRDA:512,58,0,0
BRDA:512,58,1,0
BRDA:521,59,0,0
BRDA:521,59,1,0
BRDA:524,60,0,0
BRDA:524,60,1,0
BRDA:525,61,0,0
BRDA:525,61,1,0
BRDA:544,62,0,0
BRDA:544,62,1,0
BRDA:550,63,0,0
BRDA:550,63,1,0
BRDA:555,64,0,0
BRDA:555,64,1,0
BRDA:555,65,0,0
BRDA:555,65,1,0
BRDA:567,66,0,0
BRDA:567,66,1,0
BRDA:573,67,0,0
BRDA:573,67,1,0
BRDA:579,68,0,0
BRDA:579,68,1,0
BRDA:579,69,0,0
BRDA:579,69,1,0
BRDA:584,70,0,0
BRDA:584,70,1,0
BRDA:585,71,0,0
BRDA:585,71,1,0
BRDA:587,72,0,0
BRDA:587,72,1,0
BRDA:592,73,0,0
BRDA:592,73,1,0
BRDA:600,74,0,0
BRDA:600,74,1,0
BRDA:601,75,0,0
BRDA:601,75,1,0
BRDA:602,76,0,0
BRDA:602,76,1,0
BRDA:603,77,0,0
BRDA:603,77,1,0
BRDA:604,78,0,0
BRDA:604,78,1,0
BRDA:604,79,0,0
BRDA:604,79,1,0
BRDA:604,79,2,0
BRDA:617,80,0,0
BRDA:617,80,1,0
BRDA:623,81,0,0
BRDA:623,81,1,0
BRDA:628,82,0,0
BRDA:628,82,1,0
BRDA:628,83,0,0
BRDA:628,83,1,0
BRDA:640,84,0,0
BRDA:640,84,1,0
BRDA:645,85,0,0
BRDA:645,85,1,0
BRDA:652,86,0,0
BRDA:652,86,1,0
BRDA:652,87,0,0
BRDA:652,87,1,0
BRDA:675,88,0,0
BRDA:675,88,1,0
BRDA:680,89,0,0
BRDA:680,89,1,0
BRDA:687,90,0,0
BRDA:687,90,1,0
BRDA:687,91,0,0
BRDA:687,91,1,0
BRDA:713,92,0,0
BRDA:713,92,1,0
BRDA:724,93,0,0
BRDA:724,93,1,0
BRDA:750,94,0,0
BRDA:750,94,1,0
BRDA:752,95,0,0
BRDA:752,95,1,0
BRDA:757,96,0,0
BRDA:757,96,1,0
BRDA:767,97,0,0
BRDA:767,97,1,0
BRDA:775,98,0,0
BRDA:775,98,1,0
BRDA:775,99,0,0
BRDA:775,99,1,0
BRDA:781,100,0,0
BRDA:781,100,1,0
BRDA:793,101,0,0
BRDA:793,101,1,0
BRDA:798,102,0,0
BRDA:798,102,1,0
BRDA:812,103,0,0
BRDA:812,103,1,0
BRDA:812,104,0,0
BRDA:812,104,1,0
BRDA:817,105,0,0
BRDA:817,105,1,0
BRDA:823,106,0,0
BRDA:823,106,1,0
BRDA:828,107,0,0
BRDA:828,107,1,0
BRDA:853,108,0,0
BRDA:853,108,1,0
BRF:220
BRH:0
end_of_record
